<?xml version="1.0" encoding="UTF-8"?>
<!-- Generated by org.testng.reporters.JUnitXMLReporter -->
<testsuite ignored="0" hostname="DESKTOP-DUQ488G" failures="0" tests="5" name="Test" time="19.885" errors="0" timestamp="2023-05-29T12:23:41 EDT">
  <testcase classname="com.saucedemo.testscripts.ScenarioFive" name="scenarioFive" time="2.446"/>
  <testcase classname="com.saucedemo.testscripts.ScenarioFour" name="scenarioFour" time="1.496"/>
  <testcase classname="com.saucedemo.testscripts.ScenarioOne" name="scenarioOne" time="1.396"/>
  <testcase classname="com.saucedemo.testscripts.ScenarioThree" name="scenarioThree" time="1.098"/>
  <testcase classname="com.saucedemo.testscripts.ScenarioTwo" name="scenarioTwo" time="0.419"/>
</testsuite> <!-- Test -->
